c:\users\spoon\source\repos\cse390-hw1\x64\debug\vc143.pdb
c:\users\spoon\source\repos\cse390-hw1\x64\debug\vc143.idb
c:\users\spoon\source\repos\cse390-hw1\x64\debug\controller.nativecodeanalysis.sarif
c:\users\spoon\source\repos\cse390-hw1\x64\debug\controller.nativecodeanalysis.xml
c:\users\spoon\source\repos\cse390-hw1\x64\debug\main.nativecodeanalysis.sarif
c:\users\spoon\source\repos\cse390-hw1\x64\debug\main.nativecodeanalysis.xml
c:\users\spoon\source\repos\cse390-hw1\x64\debug\robot.nativecodeanalysis.sarif
c:\users\spoon\source\repos\cse390-hw1\x64\debug\robot.nativecodeanalysis.xml
c:\users\spoon\source\repos\cse390-hw1\x64\debug\robot.obj
c:\users\spoon\source\repos\cse390-hw1\x64\debug\main.obj
c:\users\spoon\source\repos\cse390-hw1\x64\debug\controller.obj
c:\users\spoon\source\repos\cse390-hw1\x64\debug\cse390-hw1.ilk
c:\users\spoon\source\repos\cse390-hw1\x64\debug\cse390-hw1.exe
c:\users\spoon\source\repos\cse390-hw1\x64\debug\cse390-hw1.pdb
c:\users\spoon\source\repos\cse390-hw1\x64\debug\vc.nativecodeanalysis.all.xml
c:\users\spoon\source\repos\cse390-hw1\x64\debug\cse390-hw1.tlog\cl.command.1.tlog
c:\users\spoon\source\repos\cse390-hw1\x64\debug\cse390-hw1.tlog\cl.read.1.tlog
c:\users\spoon\source\repos\cse390-hw1\x64\debug\cse390-hw1.tlog\cl.write.1.tlog
c:\users\spoon\source\repos\cse390-hw1\x64\debug\cse390-hw1.tlog\link.command.1.tlog
c:\users\spoon\source\repos\cse390-hw1\x64\debug\cse390-hw1.tlog\link.read.1.tlog
c:\users\spoon\source\repos\cse390-hw1\x64\debug\cse390-hw1.tlog\link.write.1.tlog
